This is pdfTeX, Version 3.1415926-2.3-1.40.12 (MiKTeX 2.9) (preloaded format=latex 2014.9.21)  17 JAN 2015 14:33
entering extended mode
**\makeatletter\def\HCode{\futurelet\HCode\HChar}\def\HChar{\ifx\HCode\def\HCod
e##1{\Link##1}\expandafter\HCode\else\expandafter\Link\fi}\def\Link#1.a.b.c.{\g
@addto@macro\@documentclasshook{\RequirePackage[#1,html]{tex4ht}}\let\HCode\doc
umentstyle\def\documentstyle{\let\documentstyle\HCode\expandafter\def\csname te
x4ht\endcsname{#1,html}\def\HCode####1{\documentstyle[tex4ht,}\@ifnextchar[{\HC
ode}{\documentstyle[tex4ht]}}}\makeatother\HCode html,fn-in,imgdir:Images/,.a.b
.c.\input  main.tex
(C:\Users\jin\Desktop\homework\main.tex
(C:\CTEX\MiKTeX\tex\latex\ctex\ctexbook.cls
Document Class: ctexbook 2011/03/11 v1.02c ctexbook document class
(C:\CTEX\MiKTeX\tex\latex\ctex\opt\ctex-common-opts.def)
(C:\CTEX\MiKTeX\tex\latex\ctex\opt\ctex-caption-opts.def
\c@CTEX@sectiondepth=\count79
)
(C:\CTEX\MiKTeX\tex\latex\ctex\opt\ctex-class-opts.def)
(C:\CTEX\CTeX\tex\latex\ctex\cfg\ctexopts.cfg)
(C:\CTEX\MiKTeX\tex\latex\ctex\def\ctex-loadclass.def
(C:\CTEX\MiKTeX\tex\latex\base\book.cls
Document Class: book 2007/10/19 v1.4h Standard LaTeX document class
(C:\CTEX\MiKTeX\tex\latex\base\bk10.clo
File: bk10.clo 2007/10/19 v1.4h Standard LaTeX file (size option)
)
\c@part=\count80
\c@chapter=\count81
\c@section=\count82
\c@subsection=\count83
\c@subsubsection=\count84
\c@paragraph=\count85
\c@subparagraph=\count86
\c@figure=\count87
\c@table=\count88
\abovecaptionskip=\skip41
\belowcaptionskip=\skip42
\bibindent=\dimen102
))
(C:\CTEX\MiKTeX\tex\latex\ctex\def\ctex-common.def
(C:\CTEX\MiKTeX\tex\latex\l3kernel\expl3.sty
(C:\CTEX\MiKTeX\tex\latex\l3kernel\l3names.sty
(C:\CTEX\MiKTeX\tex\latex\l3kernel\l3bootstrap.sty
Package: l3bootstrap 2011/12/29 v3110 L3 Experimental bootstrap code
)
Package: l3names 2011/12/30 v3113 L3 Experimental namespace for primitives
)
(C:\CTEX\MiKTeX\tex\latex\misc\etex.sty
Package: etex 1998/03/26 v2.0 eTeX basic definition package (PEB)
\et@xins=\count89
)
Package: expl3 2012/02/26 v3471 L3 Experimental code bundle wrapper

(C:\CTEX\MiKTeX\tex\latex\graphics\color.sty
Package: color 2005/11/14 v1.0j Standard LaTeX Color (DPC)

(C:\CTEX\MiKTeX\tex\latex\00miktex\color.cfg
File: color.cfg 2007/01/18 v1.5 color configuration of teTeX/TeXLive
)
Package color Info: Driver file: dvips.def on input line 130.

(C:\CTEX\MiKTeX\tex\latex\graphics\dvips.def
File: dvips.def 1999/02/16 v3.0i Driver-dependant file (DPC,SPQR)
)
(C:\CTEX\MiKTeX\tex\latex\graphics\dvipsnam.def
File: dvipsnam.def 1999/02/16 v3.0i Driver-dependant file (DPC,SPQR)
))
(C:\CTEX\MiKTeX\tex\latex\graphics\graphics.sty
Package: graphics 2009/02/05 v1.0o Standard LaTeX Graphics (DPC,SPQR)

(C:\CTEX\MiKTeX\tex\latex\graphics\trig.sty
Package: trig 1999/03/16 v1.09 sin cos tan (DPC)
)
(C:\CTEX\MiKTeX\tex\latex\00miktex\graphics.cfg
File: graphics.cfg 2007/01/18 v1.5 graphics configuration of teTeX/TeXLive
)
Package graphics Info: Driver file: dvips.def on input line 91.
)
(C:\CTEX\MiKTeX\tex\latex\l3kernel\l3basics.sty
Package: l3basics 2012/02/26 v3460 L3 Experimental basic definitions
)
(C:\CTEX\MiKTeX\tex\latex\l3kernel\l3expan.sty
Package: l3expan 2012/02/26 v3460 L3 Experimental argument expansion
)
(C:\CTEX\MiKTeX\tex\latex\l3kernel\l3tl.sty
Package: l3tl 2012/02/26 v3460 L3 Experimental token lists
)
(C:\CTEX\MiKTeX\tex\latex\l3kernel\l3seq.sty
Package: l3seq 2012/01/09 v3158 L3 Experimental sequences and stacks
)
(C:\CTEX\MiKTeX\tex\latex\l3kernel\l3int.sty
Package: l3int 2012/02/26 v3460 L3 Experimental integers
\c_max_int=\count90
\l_tmpa_int=\count91
\l_tmpb_int=\count92
\l_tmpc_int=\count93
\g_tmpa_int=\count94
\g_tmpb_int=\count95
)
(C:\CTEX\MiKTeX\tex\latex\l3kernel\l3quark.sty
Package: l3quark 2012/02/12 v3384 L3 Experimental quarks
)
(C:\CTEX\MiKTeX\tex\latex\l3kernel\l3prg.sty
Package: l3prg 2012/02/26 v3464 L3 Experimental control structures
\g_prg_map_int=\count96
)
(C:\CTEX\MiKTeX\tex\latex\l3kernel\l3clist.sty
Package: l3clist 2012/02/26 v3460 L3 Experimental comma separated lists
)
(C:\CTEX\MiKTeX\tex\latex\l3kernel\l3token.sty
Package: l3token 2012/02/26 v3460 L3 Experimental token manipulation
)
(C:\CTEX\MiKTeX\tex\latex\l3kernel\l3prop.sty
Package: l3prop 2012/02/26 v3460 L3 Experimental property lists
)
(C:\CTEX\MiKTeX\tex\latex\l3kernel\l3msg.sty
Package: l3msg 2012/02/26 v3470 L3 Experimental messages
)
(C:\CTEX\MiKTeX\tex\latex\l3kernel\l3file.sty
Package: l3file 2012/02/26 v3464 L3 Experimental file and I/O operations
\l_iow_stream_int=\count97
\l_iow_line_length_int=\count98
\l_iow_target_length_int=\count99
\l_iow_current_line_int=\count100
\l_iow_current_word_int=\count101
\l_iow_current_indentation_int=\count102
)
(C:\CTEX\MiKTeX\tex\latex\l3kernel\l3skip.sty
Package: l3skip 2012/02/26 v3460 L3 Experimental dimensions and skips
\l_tmpa_dim=\dimen103
\l_tmpb_dim=\dimen104
\l_tmpc_dim=\dimen105
\g_tmpa_dim=\dimen106
\g_tmpb_dim=\dimen107
\l_tmpa_skip=\skip43
\l_tmpb_skip=\skip44
\l_tmpc_skip=\skip45
\g_tmpa_skip=\skip46
\g_tmpb_skip=\skip47
)
(C:\CTEX\MiKTeX\tex\latex\l3kernel\l3keys.sty
Package: l3keys 2011/12/22 v3086 L3 Experimental key-value interfaces
\g_keyval_level_int=\count103
\l_keys_choice_int=\count104
)
(C:\CTEX\MiKTeX\tex\latex\l3kernel\l3fp.sty
Package: l3fp 2012/02/06 v3315 L3 Experimental floating-point operations
\c_one_million=\count105
\c_one_hundred_million=\count106
\c_five_hundred_million=\count107
\c_one_thousand_million=\count108
\c_fp_pi_by_four_decimal_int=\count109
\c_fp_pi_by_four_extended_int=\count110
\c_fp_pi_decimal_int=\count111
\c_fp_pi_extended_int=\count112
\c_fp_two_pi_decimal_int=\count113
\c_fp_two_pi_extended_int=\count114
\l_fp_count_int=\count115
\l_fp_div_offset_int=\count116
\l_fp_exp_integer_int=\count117
\l_fp_exp_decimal_int=\count118
\l_fp_exp_extended_int=\count119
\l_fp_exp_exponent_int=\count120
\l_fp_input_a_sign_int=\count121
\l_fp_input_a_integer_int=\count122
\l_fp_input_a_decimal_int=\count123
\l_fp_input_a_exponent_int=\count124
\l_fp_input_b_sign_int=\count125
\l_fp_input_b_integer_int=\count126
\l_fp_input_b_decimal_int=\count127
\l_fp_input_b_exponent_int=\count128
\l_fp_input_a_extended_int=\count129
\l_fp_input_b_extended_int=\count130
\l_fp_mul_a_i_int=\count131
\l_fp_mul_a_ii_int=\count132
\l_fp_mul_a_iii_int=\count133
\l_fp_mul_a_iv_int=\count134
\l_fp_mul_a_v_int=\count135
\l_fp_mul_a_vi_int=\count136
\l_fp_mul_b_i_int=\count137
\l_fp_mul_b_ii_int=\count138
\l_fp_mul_b_iii_int=\count139
\l_fp_mul_b_iv_int=\count140
\l_fp_mul_b_v_int=\count141
\l_fp_mul_b_vi_int=\count142
\l_fp_mul_output_int=\count143
\l_fp_output_sign_int=\count144
\l_fp_output_integer_int=\count145
\l_fp_output_decimal_int=\count146
\l_fp_output_exponent_int=\count147
\l_fp_output_extended_int=\count148
\l_fp_round_position_int=\count149
\l_fp_round_target_int=\count150
\l_fp_split_sign_int=\count151
\l_fp_internal_int=\count152
\l_fp_trig_octant_int=\count153
\l_fp_trig_sign_int=\count154
\l_fp_trig_decimal_int=\count155
\l_fp_trig_extended_int=\count156
\l_fp_internal_dim=\dimen108
\l_fp_internal_skip=\skip48
)
(C:\CTEX\MiKTeX\tex\latex\l3kernel\l3box.sty
Package: l3box 2012/02/18 v3432 L3 Experimental boxes
\l_tmpb_box=\box26
\l_box_top_dim=\dimen109
\l_box_bottom_dim=\dimen110
\l_box_left_dim=\dimen111
\l_box_right_dim=\dimen112
\l_box_top_new_dim=\dimen113
\l_box_bottom_new_dim=\dimen114
\l_box_left_new_dim=\dimen115
\l_box_right_new_dim=\dimen116
\l_box_internal_box=\box27
)
(C:\CTEX\MiKTeX\tex\latex\l3kernel\l3coffins.sty
Package: l3coffins 2012/02/26 v3460 L3 Experimental coffin code layer
\l_coffin_internal_box=\box28
\l_coffin_internal_dim=\dimen117
\l_coffin_offset_x_dim=\dimen118
\l_coffin_offset_y_dim=\dimen119
\l_coffin_x_dim=\dimen120
\l_coffin_y_dim=\dimen121
\l_coffin_x_prime_dim=\dimen122
\l_coffin_y_prime_dim=\dimen123
\l_coffin_Depth_dim=\dimen124
\l_coffin_Height_dim=\dimen125
\l_coffin_TotalHeight_dim=\dimen126
\l_coffin_Width_dim=\dimen127
\c_empty_coffin=\box29
\l_coffin_aligned_coffin=\box30
\l_coffin_aligned_internal_coffin=\box31
\l_coffin_bounding_shift_dim=\dimen128
\l_coffin_left_corner_dim=\dimen129
\l_coffin_right_corner_dim=\dimen130
\l_coffin_bottom_corner_dim=\dimen131
\l_coffin_top_corner_dim=\dimen132
\l_coffin_scaled_total_height_dim=\dimen133
\l_coffin_scaled_width_dim=\dimen134
\l_coffin_display_coffin=\box32
\l_coffin_display_coord_coffin=\box33
\l_coffin_display_pole_coffin=\box34
\l_coffin_display_offset_dim=\dimen135
\l_coffin_display_x_dim=\dimen136
\l_coffin_display_y_dim=\dimen137
)
(C:\CTEX\MiKTeX\tex\latex\l3kernel\l3color.sty
Package: l3color 2011/09/07 v2776 L3 Experimental colour support
)
(C:\CTEX\MiKTeX\tex\latex\l3kernel\l3luatex.sty
Package: l3luatex 2012/02/09 v3355 L3 Experimental LuaTeX-specific functions
\g_cctab_allocate_int=\count157
\g_cctab_stack_int=\count158
))
(C:\CTEX\MiKTeX\tex\latex\etoolbox\etoolbox.sty
Package: etoolbox 2011/01/03 v2.1 e-TeX tools for LaTeX
\etb@tempcnta=\count159
)
(C:\CTEX\MiKTeX\tex\generic\oberdiek\ifpdf.sty
Package: ifpdf 2011/01/30 v2.3 Provides the ifpdf switch (HO)
Package ifpdf Info: pdfTeX in PDF mode is not detected.
)
(C:\CTEX\MiKTeX\tex\generic\ifxetex\ifxetex.sty
Package: ifxetex 2010/09/12 v0.6 Provides ifxetex conditional
)
(C:\CTEX\MiKTeX\tex\latex\graphics\keyval.sty
Package: keyval 1999/03/16 v1.13 key=value parser (DPC)
\KV@toks@=\toks14
)
(C:\CTEX\MiKTeX\tex\latex\tools\indentfirst.sty
Package: indentfirst 1995/11/23 v1.03 Indent first paragraph (DPC)
)
(C:\CTEX\MiKTeX\tex\latex\base\fix-cm.sty
Package: fix-cm 2006/09/13 v1.1m fixes to LaTeX

(C:\CTEX\MiKTeX\tex\latex\base\ts1enc.def
File: ts1enc.def 2001/06/05 v3.0e (jk/car/fm) Standard LaTeX file
))
(C:\CTEX\MiKTeX\tex\latex\ctex\engine\ctex-cjk-engine.def
(C:\CTEX\MiKTeX\tex\latex\cjk\CJK.sty
Package: CJK 2008/12/29 4.8.2

(C:\CTEX\MiKTeX\tex\latex\cjk\mule\MULEenc.sty
Package: MULEenc 2008/12/29 4.8.2
)
(C:\CTEX\MiKTeX\tex\latex\cjk\CJK.enc
File: CJK.enc 2008/12/29 4.8.2
)
LaTeX Info: Redefining \selectfont on input line 756.
\CJK@indent=\box35
)
(C:\CTEX\CTeX\tex\latex\CJKpunct\CJKpunct.sty
Package: CJKpunct 2010/02/21 4.8.2-2
\CJKpunct@cnta=\count160
\CJKpunct@cntb=\count161
\CJKpunct@cntc=\count162
\CJKpunct@cntd=\count163
\CJKpunct@cnte=\count164

(C:\CTEX\CTeX\tex\latex\CJKpunct\CJKpunct.spa))
(C:\CTEX\MiKTeX\tex\latex\ctex\engine\ctex-cjk-common.def
\ccwd=\dimen138
)
(C:\CTEX\MiKTeX\tex\latex\ctex\fontset\ctex-cjk-winfonts.def
(C:\CTEX\MiKTeX\tex\generic\zhmetrics\zhwinfonts.tex
(C:\CTEX\MiKTeX\tex\generic\oberdiek\ifpdf.sty
Package ifpdf Info: The package is already loaded, stopped on input line 64.
))))
\CTEX@q=\count165
\CTEX@r=\count166
)
(C:\CTEX\MiKTeX\tex\latex\ctex\def\ctex-caption.def)
(C:\CTEX\MiKTeX\tex\latex\ctex\def\ctex-class.def)
(C:\CTEX\MiKTeX\tex\latex\ctex\def\ctex-book.def))
(C:\CTEX\MiKTeX\tex\latex\ctex\def\ctex-gbk.def)
(C:\CTEX\MiKTeX\tex\latex\ctex\cfg\ctexcap.cfg
(C:\CTEX\MiKTeX\tex\latex\ctex\cfg\ctexcap-gbk.cfg))
(C:\CTEX\MiKTeX\tex\latex\ctex\cfg\ctex.cfg)
(C:\CTEX\MiKTeX\tex\generic\tex4ht\tex4ht.sty
version 2008-10-27-17:23
Package: tex4ht 
--------------------------------------
--- Note --- for _ at preamble, use the command line option `early_'
--------------------------------------
--------------------------------------
--- Note --- for ^ at preamble, use the command line option `early^'
--------------------------------------
\tmp:toks=\toks15
)
(C:\CTEX\MiKTeX\tex\generic\tex4ht\usepackage.4ht
version 2009-05-21-09:32
)
(C:\CTEX\MiKTeX\tex\latex\graphics\graphicx.sty
Package: graphicx 1999/02/16 v1.0f Enhanced LaTeX Graphics (DPC,SPQR)
\Gin@req@height=\dimen139
\Gin@req@width=\dimen140
)
(C:\CTEX\MiKTeX\tex\latex\fancyhdr\fancyhdr.sty
\fancy@headwidth=\skip49
\f@ncyO@elh=\skip50
\f@ncyO@erh=\skip51
\f@ncyO@olh=\skip52
\f@ncyO@orh=\skip53
\f@ncyO@elf=\skip54
\f@ncyO@erf=\skip55
\f@ncyO@olf=\skip56
\f@ncyO@orf=\skip57
)
(C:\CTEX\MiKTeX\tex\latex\geometry\geometry.sty
Package: geometry 2010/09/12 v5.6 Page Geometry

(C:\CTEX\MiKTeX\tex\generic\oberdiek\ifvtex.sty
Package: ifvtex 2010/03/01 v1.5 Switches for detecting VTeX and its modes (HO)
Package ifvtex Info: VTeX not detected.
)
\Gm@cnth=\count167
\Gm@cntv=\count168
\c@Gm@tempcnt=\count169
\Gm@bindingoffset=\dimen141
\Gm@wd@mp=\dimen142
\Gm@odd@mp=\dimen143
\Gm@even@mp=\dimen144
\Gm@layoutwidth=\dimen145
\Gm@layoutheight=\dimen146
\Gm@layouthoffset=\dimen147
\Gm@layoutvoffset=\dimen148
\Gm@dimlist=\toks16

(C:\CTEX\MiKTeX\tex\latex\geometry\geometry.cfg))
(C:\CTEX\MiKTeX\tex\latex\mh\mathtools.sty
Package: mathtools 2011/04/06 v1.11 mathematical typesetting tools

(C:\CTEX\MiKTeX\tex\latex\tools\calc.sty
Package: calc 2007/08/22 v4.3 Infix arithmetic (KKT,FJ)
\calc@Acount=\count170
\calc@Bcount=\count171
\calc@Adimen=\dimen149
\calc@Bdimen=\dimen150
\calc@Askip=\skip58
\calc@Bskip=\skip59
LaTeX Info: Redefining \setlength on input line 76.
LaTeX Info: Redefining \addtolength on input line 77.
\calc@Ccount=\count172
\calc@Cskip=\skip60
)
(C:\CTEX\MiKTeX\tex\latex\mh\mhsetup.sty
Package: mhsetup 2010/01/21 v1.2a programming setup (MH)
)
(C:\CTEX\MiKTeX\tex\latex\ams\math\amsmath.sty
Package: amsmath 2000/07/18 v2.13 AMS math features
\@mathmargin=\skip61

For additional information on amsmath, use the `?' option.
(C:\CTEX\MiKTeX\tex\latex\ams\math\amstext.sty
Package: amstext 2000/06/29 v2.01

(C:\CTEX\MiKTeX\tex\latex\ams\math\amsgen.sty
File: amsgen.sty 1999/11/30 v2.0
\@emptytoks=\toks17
\ex@=\dimen151
))
(C:\CTEX\MiKTeX\tex\latex\ams\math\amsbsy.sty
Package: amsbsy 1999/11/29 v1.2d
\pmbraise@=\dimen152
)
(C:\CTEX\MiKTeX\tex\latex\ams\math\amsopn.sty
Package: amsopn 1999/12/14 v2.01 operator names
)
\inf@bad=\count173
LaTeX Info: Redefining \frac on input line 211.
\uproot@=\count174
\leftroot@=\count175
LaTeX Info: Redefining \overline on input line 307.
\classnum@=\count176
\DOTSCASE@=\count177
LaTeX Info: Redefining \ldots on input line 379.
LaTeX Info: Redefining \dots on input line 382.
LaTeX Info: Redefining \cdots on input line 467.
\Mathstrutbox@=\box36
\strutbox@=\box37
\big@size=\dimen153
LaTeX Font Info:    Redeclaring font encoding OML on input line 567.
LaTeX Font Info:    Redeclaring font encoding OMS on input line 568.
\macc@depth=\count178
\c@MaxMatrixCols=\count179
\dotsspace@=\muskip10
\c@parentequation=\count180
\dspbrk@lvl=\count181
\tag@help=\toks18
\row@=\count182
\column@=\count183
\maxfields@=\count184
\andhelp@=\toks19
\eqnshift@=\dimen154
\alignsep@=\dimen155
\tagshift@=\dimen156
\tagwidth@=\dimen157
\totwidth@=\dimen158
\lineht@=\dimen159
\@envbody=\toks20
\multlinegap=\skip62
\multlinetaggap=\skip63
\mathdisplay@stack=\toks21
LaTeX Info: Redefining \[ on input line 2666.
LaTeX Info: Redefining \] on input line 2667.
)
\g_MT_multlinerow_int=\count185
\l_MT_multwidth_dim=\dimen160
\origjot=\skip64
\l_MT_shortvdotswithinadjustabove_dim=\dimen161
\l_MT_shortvdotswithinadjustbelow_dim=\dimen162
)
(C:\CTEX\MiKTeX\tex\latex\ams\classes\amsthm.sty
Package: amsthm 2004/08/06 v2.20
\thm@style=\toks22
\thm@bodyfont=\toks23
\thm@headfont=\toks24
\thm@notefont=\toks25
\thm@headpunct=\toks26
\thm@preskip=\skip65
\thm@postskip=\skip66
\thm@headsep=\skip67
\dth@everypar=\toks27
)
(C:\CTEX\MiKTeX\tex\latex\cases\cases.sty
Package: cases 2002/05/02 ver 2.5 
)
(C:\CTEX\MiKTeX\tex\latex\tools\bm.sty
Package: bm 2004/02/26 v1.1c Bold Symbol Support (DPC/FMi)
\symboldoperators=\mathgroup4
\symboldletters=\mathgroup5
\symboldsymbols=\mathgroup6
LaTeX Font Info:    Redeclaring math alphabet \mathbf on input line 138.
LaTeX Info: Redefining \bm on input line 204.
)
(C:\CTEX\MiKTeX\tex\latex\algorithms\algorithm.sty
Package: algorithm 2009/08/24 v0.1 Document Style `algorithm' - floating enviro
nment

(C:\CTEX\MiKTeX\tex\latex\float\float.sty
Package: float 2001/11/08 v1.3d Float enhancements (AL)
\c@float@type=\count186
\float@exts=\toks28
\float@box=\box38
\@float@everytoks=\toks29
\@floatcapt=\box39
)
(C:\CTEX\MiKTeX\tex\latex\base\ifthen.sty
Package: ifthen 2001/05/26 v1.1c Standard LaTeX ifthen package (DPC)
)
\@float@every@algorithm=\toks30
\c@algorithm=\count187
)
(C:\CTEX\MiKTeX\tex\latex\algorithms\algorithmic.sty
Package: algorithmic 2009/08/24 v0.1 Document Style `algorithmic'
\c@ALC@unique=\count188
\c@ALC@line=\count189
\c@ALC@rem=\count190
\c@ALC@depth=\count191
\ALC@tlm=\skip68
\algorithmicindent=\skip69
)
(C:\CTEX\MiKTeX\tex\latex\ltxmisc\url.sty
\Urlmuskip=\muskip11
Package: url 2006/04/12  ver 3.3  Verb mode for urls, etc.
)
(C:\CTEX\MiKTeX\tex\latex\subfigure\subfigure.sty
Package: subfigure 2002/07/30 v2.1.4 subfigure package
\subfigtopskip=\skip70
\subfigcapskip=\skip71
\subfigcaptopadj=\dimen163
\subfigbottomskip=\skip72
\subfigcapmargin=\dimen164
\subfiglabelskip=\skip73
\c@subfigure=\count192
\c@lofdepth=\count193
\c@subtable=\count194
\c@lotdepth=\count195

****************************************
* Local config file subfigure.cfg used *
****************************************
(C:\CTEX\MiKTeX\tex\latex\subfigure\subfigure.cfg)
\subfig@top=\skip74
\subfig@bottom=\skip75
)
(C:\CTEX\MiKTeX\tex\latex\xcolor\xcolor.sty
Package: xcolor 2007/01/21 v2.11 LaTeX color extensions (UK)

(C:\CTEX\MiKTeX\tex\latex\00miktex\color.cfg
File: color.cfg 2007/01/18 v1.5 color configuration of teTeX/TeXLive
)
Package xcolor Info: Driver file: dvips.def on input line 225.
LaTeX Info: Redefining \color on input line 702.
Package xcolor Info: Model `cmy' substituted by `cmy0' on input line 1337.
Package xcolor Info: Model `RGB' extended on input line 1353.
Package xcolor Info: Model `HTML' substituted by `rgb' on input line 1355.
Package xcolor Info: Model `Hsb' substituted by `hsb' on input line 1356.
Package xcolor Info: Model `tHsb' substituted by `hsb' on input line 1357.
Package xcolor Info: Model `HSB' substituted by `hsb' on input line 1358.
Package xcolor Info: Model `Gray' substituted by `gray' on input line 1359.
Package xcolor Info: Model `wave' substituted by `hsb' on input line 1360.
)
(C:\CTEX\MiKTeX\tex\latex\base\textcomp.sty
Package: textcomp 2005/09/27 v1.99g Standard LaTeX package
Package textcomp Info: Sub-encoding information:
(textcomp)               5 = only ISO-Adobe without \textcurrency
(textcomp)               4 = 5 + \texteuro
(textcomp)               3 = 4 + \textohm
(textcomp)               2 = 3 + \textestimated + \textcurrency
(textcomp)               1 = TS1 - \textcircled - \t
(textcomp)               0 = TS1 (full)
(textcomp)             Font families with sub-encoding setting implement
(textcomp)             only a restricted character set as indicated.
(textcomp)             Family '?' is the default used for unknown fonts.
(textcomp)             See the documentation for details.
Package textcomp Info: Setting ? sub-encoding to TS1/1 on input line 71.

(C:\CTEX\MiKTeX\tex\latex\base\ts1enc.def
File: ts1enc.def 2001/06/05 v3.0e (jk/car/fm) Standard LaTeX file
LaTeX Font Info:    Redeclaring font encoding TS1 on input line 42.
)
LaTeX Info: Redefining \oldstylenums on input line 266.
Package textcomp Info: Setting cmr sub-encoding to TS1/0 on input line 281.
Package textcomp Info: Setting cmss sub-encoding to TS1/0 on input line 282.
Package textcomp Info: Setting cmtt sub-encoding to TS1/0 on input line 283.
Package textcomp Info: Setting cmvtt sub-encoding to TS1/0 on input line 284.
Package textcomp Info: Setting cmbr sub-encoding to TS1/0 on input line 285.
Package textcomp Info: Setting cmtl sub-encoding to TS1/0 on input line 286.
Package textcomp Info: Setting ccr sub-encoding to TS1/0 on input line 287.
Package textcomp Info: Setting ptm sub-encoding to TS1/4 on input line 288.
Package textcomp Info: Setting pcr sub-encoding to TS1/4 on input line 289.
Package textcomp Info: Setting phv sub-encoding to TS1/4 on input line 290.
Package textcomp Info: Setting ppl sub-encoding to TS1/3 on input line 291.
Package textcomp Info: Setting pag sub-encoding to TS1/4 on input line 292.
Package textcomp Info: Setting pbk sub-encoding to TS1/4 on input line 293.
Package textcomp Info: Setting pnc sub-encoding to TS1/4 on input line 294.
Package textcomp Info: Setting pzc sub-encoding to TS1/4 on input line 295.
Package textcomp Info: Setting bch sub-encoding to TS1/4 on input line 296.
Package textcomp Info: Setting put sub-encoding to TS1/5 on input line 297.
Package textcomp Info: Setting uag sub-encoding to TS1/5 on input line 298.
Package textcomp Info: Setting ugq sub-encoding to TS1/5 on input line 299.
Package textcomp Info: Setting ul8 sub-encoding to TS1/4 on input line 300.
Package textcomp Info: Setting ul9 sub-encoding to TS1/4 on input line 301.
Package textcomp Info: Setting augie sub-encoding to TS1/5 on input line 302.
Package textcomp Info: Setting dayrom sub-encoding to TS1/3 on input line 303.
Package textcomp Info: Setting dayroms sub-encoding to TS1/3 on input line 304.

Package textcomp Info: Setting pxr sub-encoding to TS1/0 on input line 305.
Package textcomp Info: Setting pxss sub-encoding to TS1/0 on input line 306.
Package textcomp Info: Setting pxtt sub-encoding to TS1/0 on input line 307.
Package textcomp Info: Setting txr sub-encoding to TS1/0 on input line 308.
Package textcomp Info: Setting txss sub-encoding to TS1/0 on input line 309.
Package textcomp Info: Setting txtt sub-encoding to TS1/0 on input line 310.
Package textcomp Info: Setting lmr sub-encoding to TS1/0 on input line 311.
Package textcomp Info: Setting lmdh sub-encoding to TS1/0 on input line 312.
Package textcomp Info: Setting lmss sub-encoding to TS1/0 on input line 313.
Package textcomp Info: Setting lmssq sub-encoding to TS1/0 on input line 314.
Package textcomp Info: Setting lmvtt sub-encoding to TS1/0 on input line 315.
Package textcomp Info: Setting qhv sub-encoding to TS1/0 on input line 316.
Package textcomp Info: Setting qag sub-encoding to TS1/0 on input line 317.
Package textcomp Info: Setting qbk sub-encoding to TS1/0 on input line 318.
Package textcomp Info: Setting qcr sub-encoding to TS1/0 on input line 319.
Package textcomp Info: Setting qcs sub-encoding to TS1/0 on input line 320.
Package textcomp Info: Setting qpl sub-encoding to TS1/0 on input line 321.
Package textcomp Info: Setting qtm sub-encoding to TS1/0 on input line 322.
Package textcomp Info: Setting qzc sub-encoding to TS1/0 on input line 323.
Package textcomp Info: Setting qhvc sub-encoding to TS1/0 on input line 324.
Package textcomp Info: Setting futs sub-encoding to TS1/4 on input line 325.
Package textcomp Info: Setting futx sub-encoding to TS1/4 on input line 326.
Package textcomp Info: Setting futj sub-encoding to TS1/4 on input line 327.
Package textcomp Info: Setting hlh sub-encoding to TS1/3 on input line 328.
Package textcomp Info: Setting hls sub-encoding to TS1/3 on input line 329.
Package textcomp Info: Setting hlst sub-encoding to TS1/3 on input line 330.
Package textcomp Info: Setting hlct sub-encoding to TS1/5 on input line 331.
Package textcomp Info: Setting hlx sub-encoding to TS1/5 on input line 332.
Package textcomp Info: Setting hlce sub-encoding to TS1/5 on input line 333.
Package textcomp Info: Setting hlcn sub-encoding to TS1/5 on input line 334.
Package textcomp Info: Setting hlcw sub-encoding to TS1/5 on input line 335.
Package textcomp Info: Setting hlcf sub-encoding to TS1/5 on input line 336.
Package textcomp Info: Setting pplx sub-encoding to TS1/3 on input line 337.
Package textcomp Info: Setting pplj sub-encoding to TS1/3 on input line 338.
Package textcomp Info: Setting ptmx sub-encoding to TS1/4 on input line 339.
Package textcomp Info: Setting ptmj sub-encoding to TS1/4 on input line 340.
)
(C:\CTEX\MiKTeX\tex\latex\listings\listings.sty
\lst@mode=\count196
\lst@gtempboxa=\box40
\lst@token=\toks31
\lst@length=\count197
\lst@currlwidth=\dimen165
\lst@column=\count198
\lst@pos=\count199
\lst@lostspace=\dimen166
\lst@width=\dimen167
\lst@newlines=\count200
\lst@lineno=\count201
\lst@maxwidth=\dimen168

(C:\CTEX\MiKTeX\tex\latex\listings\lstmisc.sty
File: lstmisc.sty 2007/02/22 1.4 (Carsten Heinz)
Normal \count register pool exhausted, switching to extended pool.
\c@lstnumber=\count277
\lst@skipnumbers=\count278
\lst@framebox=\box41
)
(C:\CTEX\MiKTeX\tex\latex\listings\listings.cfg
File: listings.cfg 2007/02/22 1.4 listings configuration
))
Package: listings 2007/02/22 1.4 (Carsten Heinz)

(C:\CTEX\MiKTeX\tex\latex\animate\animate.sty
Package: animate 2011/12/20 PDF animations from files and inline graphics

(C:\CTEX\MiKTeX\tex\latex\oberdiek\ifdraft.sty
Package: ifdraft 2008/08/11 v1.3 Switch for option draft (HO)
)
(C:\CTEX\MiKTeX\tex\latex\animate\animfp.sty
Package: animfp 2009/07/23 fixed point addition for animate.sty
\afp@xs=\count279
\afp@xia=\count280
\afp@xib=\count281
\afp@xfa=\count282
\afp@xfb=\count283
\afp@rega=\count284
\afp@regb=\count285
\afp@regs=\count286
)
\@anim@fieldnum=\count287
\@anim@box=\box42
\@anim@tmpdima=\dimen169
\@anim@tmpdimb=\dimen170
\@anim@num=\count288
\@anim@curframe=\count289
\@anim@curframe@zb=\count290
\@anim@resize=\count291
\@anim@skipfram=\count292
\@anim@mulframecnt=\count293
\@anim@@tmlnfile=\read1
\@anim@tmpcnt=\count294
\c@@anim@ltxcnt=\count295
\@anim@curlayer=\count296
\@anim@lineno=\count297
\@anim@begin=\toks32
\@anim@end=\toks33
)
(C:\CTEX\MiKTeX\tex\latex\amsfonts\amssymb.sty
Package: amssymb 2009/06/22 v3.00

(C:\CTEX\MiKTeX\tex\latex\amsfonts\amsfonts.sty
Package: amsfonts 2009/06/22 v3.00 Basic AMSFonts support
\symAMSa=\mathgroup7
\symAMSb=\mathgroup8
LaTeX Font Info:    Overwriting math alphabet `\mathfrak' in version `bold'
(Font)                  U/euf/m/n --> U/euf/b/n on input line 96.
))
\c@thm=\count298
\c@lem=\count299
\c@prop=\count300
\c@cor=\count301
\c@defn=\count302
\c@conj=\count303
\c@exmp=\count304
\c@rem=\count305

(C:\CTEX\MiKTeX\tex\generic\tex4ht\tex4ht.4ht
version 2009-01-07-07:11
--------------------------------------
--- Note --- for additional information, use the command line option `info'
--------------------------------------

::::::::::::::::::::::::::::::::::::::::::
 TeX4ht info is available in the log file 
::::::::::::::::::::::::::::::::::::::::::
) (C:\CTEX\MiKTeX\tex\generic\tex4ht\tex4ht.sty
version 2008-10-27-17:23

--- needs --- tex4ht main ---
\tmp:cnt=\count306
(C:\Users\jin\Desktop\homework\main.tmp)
\tmp:dim=\skip76
--------------------------------------
--- Note --- for XML code, use the command line option `xml' or `xhtml'
--------------------------------------

(C:\Users\jin\Desktop\homework\main.xref
! Missing \endcsname inserted.
<to be read again> 
                   \begingroup 
l.56 ...date \relax \let OT1OT12\endgroup }{1}{32}
                                                  %
The control sequence marked <to be read again> should
not appear between \csname and \endcsname.

! Undefined control sequence.
<argument> ...{TS1}\xdef \TS 1/cmr/m/n/10.54 {\OT 
                                                  1/cmr/m/n/10.54 }\TS 1/cmr...
l.56 ...date \relax \let OT1OT12\endgroup }{1}{32}
                                                  %
The control sequence at the end of the top line
of your error message was never \def'ed. If you have
misspelled it (e.g., `\hobx'), type `I' and the correct
spelling (e.g., `I\hbox'). Otherwise just continue,
and I'll forget about whatever was undefined.


! LaTeX Error: Missing \begin{document} in `'.

See the LaTeX manual or LaTeX Companion for explanation.
Type  H <return>  for immediate help.
 ...                                              
                                                  
l.56 ...date \relax \let OT1OT12\endgroup }{1}{32}
                                                  %
You're in trouble here.  Try typing  <return>  to proceed.
If that doesn't work, type  X <return>  to quit.

! Missing control sequence inserted.
<inserted text> 
                \inaccessible 
l.56 ...date \relax \let OT1OT12\endgroup }{1}{32}
                                                  %
Please don't say `\def cs{...}', say `\def\cs{...}'.
I've inserted an inaccessible control sequence so that your
definition will be completed without mixing me up too badly.
You can recover graciously from this error, if you're
careful; see exercise 27.2 in The TeXbook.

! Missing control sequence inserted.
<inserted text> 
                \inaccessible 
l.56 ...date \relax \let OT1OT12\endgroup }{1}{32}
                                                  %
Please don't say `\def cs{...}', say `\def\cs{...}'.
I've inserted an inaccessible control sequence so that your
definition will be completed without mixing me up too badly.
You can recover graciously from this error, if you're
careful; see exercise 27.2 in The TeXbook.

! Undefined control sequence.
<argument> ...{TS1}\xdef \TS 1/cmr/m/n/10.54 {\OT 
                                                  1/cmr/m/n/10.54 }\TS 1/cmr...
l.56 ...date \relax \let OT1OT12\endgroup }{1}{32}
                                                  %
The control sequence at the end of the top line
of your error message was never \def'ed. If you have
misspelled it (e.g., `\hobx'), type `I' and the correct
spelling (e.g., `I\hbox'). Otherwise just continue,
and I'll forget about whatever was undefined.

! Missing control sequence inserted.
<inserted text> 
                \inaccessible 
l.56 ...date \relax \let OT1OT12\endgroup }{1}{32}
                                                  %
Please don't say `\def cs{...}', say `\def\cs{...}'.
I've inserted an inaccessible control sequence so that your
definition will be completed without mixing me up too badly.
You can recover graciously from this error, if you're
careful; see exercise 27.2 in The TeXbook.

! Missing control sequence inserted.
<inserted text> 
                \inaccessible 
l.56 ...date \relax \let OT1OT12\endgroup }{1}{32}
                                                  %
Please don't say `\def cs{...}', say `\def\cs{...}'.
I've inserted an inaccessible control sequence so that your
definition will be completed without mixing me up too badly.
You can recover graciously from this error, if you're
careful; see exercise 27.2 in The TeXbook.

! Use of \let doesn't match its definition.
<argument> ...}\def m{m}\def n{n}\let \enc@update 
                                                  \relax \let OT1OT12\endgroup 
l.56 ...date \relax \let OT1OT12\endgroup }{1}{32}
                                                  %
If you say, e.g., `\def\a1{...}', then you must always
put `1' after `\a', since control sequence names are
made up of letters only. The macro here has not been
followed by the required stuff, so I'm ignoring it.

! Use of \let doesn't match its definition.
<argument> ...f n{n}\let \enc@update \relax \let O
                                                  T1OT12\endgroup 
l.56 ...date \relax \let OT1OT12\endgroup }{1}{32}
                                                  %
If you say, e.g., `\def\a1{...}', then you must always
put `1' after `\a', since control sequence names are
made up of letters only. The macro here has not been
followed by the required stuff, so I'm ignoring it.

! Extra \endgroup.
<argument> ...update \relax \let OT1OT12\endgroup 
                                                  
l.56 ...date \relax \let OT1OT12\endgroup }{1}{32}
                                                  %
Things are pretty mixed up, but I think the worst is over.

! Extra \endcsname.
\Cross:Word ...ame cw:\cw:format {#1#2}\endcsname 
                                                  {\expandafter \ifx \csname...
l.56 ...date \relax \let OT1OT12\endgroup }{1}{32}
                                                  %
I'm ignoring this, since I wasn't doing a \csname.

! Missing \endcsname inserted.
<to be read again> 
                   \begingroup 
l.56 ...date \relax \let OT1OT12\endgroup }{1}{32}
                                                  %
The control sequence marked <to be read again> should
not appear between \csname and \endcsname.

! Missing \endcsname inserted.
<to be read again> 
                   \begingroup 
l.56 ...date \relax \let OT1OT12\endgroup }{1}{32}
                                                  %
The control sequence marked <to be read again> should
not appear between \csname and \endcsname.

! Undefined control sequence.
<argument> ...{TS1}\xdef \TS 1/cmr/m/n/10.54 {\OT 
                                                  1/cmr/m/n/10.54 }\TS 1/cmr...
l.56 ...date \relax \let OT1OT12\endgroup }{1}{32}
                                                  %
The control sequence at the end of the top line
of your error message was never \def'ed. If you have
misspelled it (e.g., `\hobx'), type `I' and the correct
spelling (e.g., `I\hbox'). Otherwise just continue,
and I'll forget about whatever was undefined.

! Use of \let doesn't match its definition.
<argument> ...0.54 }\TS 1/cmr/m/n/10.54 \let \let 
                                                  \def cmr{cmr}\def m{m}\def...
l.56 ...date \relax \let OT1OT12\endgroup }{1}{32}
                                                  %
If you say, e.g., `\def\a1{...}', then you must always
put `1' after `\a', since control sequence names are
made up of letters only. The macro here has not been
followed by the required stuff, so I'm ignoring it.

! Missing control sequence inserted.
<inserted text> 
                \inaccessible 
l.56 ...date \relax \let OT1OT12\endgroup }{1}{32}
                                                  %
Please don't say `\def cs{...}', say `\def\cs{...}'.
I've inserted an inaccessible control sequence so that your
definition will be completed without mixing me up too badly.
You can recover graciously from this error, if you're
careful; see exercise 27.2 in The TeXbook.

! Missing control sequence inserted.
<inserted text> 
                \inaccessible 
l.56 ...date \relax \let OT1OT12\endgroup }{1}{32}
                                                  %
Please don't say `\def cs{...}', say `\def\cs{...}'.
I've inserted an inaccessible control sequence so that your
definition will be completed without mixing me up too badly.
You can recover graciously from this error, if you're
careful; see exercise 27.2 in The TeXbook.

! Missing control sequence inserted.
<inserted text> 
                \inaccessible 
l.56 ...date \relax \let OT1OT12\endgroup }{1}{32}
                                                  %
Please don't say `\def cs{...}', say `\def\cs{...}'.
I've inserted an inaccessible control sequence so that your
definition will be completed without mixing me up too badly.
You can recover graciously from this error, if you're
careful; see exercise 27.2 in The TeXbook.

! Use of \let doesn't match its definition.
<argument> ...}\def m{m}\def n{n}\let \enc@update 
                                                  \relax \let OT1OT12.5\endg...
l.56 ...date \relax \let OT1OT12\endgroup }{1}{32}
                                                  %
If you say, e.g., `\def\a1{...}', then you must always
put `1' after `\a', since control sequence names are
made up of letters only. The macro here has not been
followed by the required stuff, so I'm ignoring it.

! Use of \let doesn't match its definition.
<argument> ...f n{n}\let \enc@update \relax \let O
                                                  T1OT12.5\endgroup .\beging...
l.56 ...date \relax \let OT1OT12\endgroup }{1}{32}
                                                  %
If you say, e.g., `\def\a1{...}', then you must always
put `1' after `\a', since control sequence names are
made up of letters only. The macro here has not been
followed by the required stuff, so I'm ignoring it.

! Missing } inserted.
<inserted text> 
                }
l.56 ...date \relax \let OT1OT12\endgroup }{1}{32}
                                                  %
I've inserted something that you may have forgotten.
(See the <inserted text> above.)
With luck, this will get me unwedged. But if you
really didn't forget anything, try typing `2' now; then
my insertion and my current dilemma will both disappear.

! Extra \endgroup.
<recently read> \endgroup 
                          
l.56 ...date \relax \let OT1OT12\endgroup }{1}{32}
                                                  %
Things are pretty mixed up, but I think the worst is over.

! Missing control sequence inserted.
<inserted text> 
                \inaccessible 
l.56 ...date \relax \let OT1OT12\endgroup }{1}{32}
                                                  %
Please don't say `\def cs{...}', say `\def\cs{...}'.
I've inserted an inaccessible control sequence so that your
definition will be completed without mixing me up too badly.
You can recover graciously from this error, if you're
careful; see exercise 27.2 in The TeXbook.

! Undefined control sequence.
<argument> ...{TS1}\xdef \TS 1/cmr/m/n/10.54 {\OT 
                                                  1/cmr/m/n/10.54 }\TS 1/cmr...
l.56 ...date \relax \let OT1OT12\endgroup }{1}{32}
                                                  %
The control sequence at the end of the top line
of your error message was never \def'ed. If you have
misspelled it (e.g., `\hobx'), type `I' and the correct
spelling (e.g., `I\hbox'). Otherwise just continue,
and I'll forget about whatever was undefined.

! Use of \let doesn't match its definition.
<argument> ...0.54 }\TS 1/cmr/m/n/10.54 \let \let 
                                                  \def cmr{cmr}\def m{m}\def...
l.56 ...date \relax \let OT1OT12\endgroup }{1}{32}
                                                  %
If you say, e.g., `\def\a1{...}', then you must always
put `1' after `\a', since control sequence names are
made up of letters only. The macro here has not been
followed by the required stuff, so I'm ignoring it.

! Missing control sequence inserted.
<inserted text> 
                \inaccessible 
l.56 ...date \relax \let OT1OT12\endgroup }{1}{32}
                                                  %
Please don't say `\def cs{...}', say `\def\cs{...}'.
I've inserted an inaccessible control sequence so that your
definition will be completed without mixing me up too badly.
You can recover graciously from this error, if you're
careful; see exercise 27.2 in The TeXbook.

! Missing control sequence inserted.
<inserted text> 
                \inaccessible 
l.56 ...date \relax \let OT1OT12\endgroup }{1}{32}
                                                  %
Please don't say `\def cs{...}', say `\def\cs{...}'.
I've inserted an inaccessible control sequence so that your
definition will be completed without mixing me up too badly.
You can recover graciously from this error, if you're
careful; see exercise 27.2 in The TeXbook.

! Missing control sequence inserted.
<inserted text> 
                \inaccessible 
l.56 ...date \relax \let OT1OT12\endgroup }{1}{32}
                                                  %
Please don't say `\def cs{...}', say `\def\cs{...}'.
I've inserted an inaccessible control sequence so that your
definition will be completed without mixing me up too badly.
You can recover graciously from this error, if you're
careful; see exercise 27.2 in The TeXbook.

! Use of \let doesn't match its definition.
<argument> ...}\def m{m}\def n{n}\let \enc@update 
                                                  \relax \let OT1OT12\endgroup 
l.56 ...date \relax \let OT1OT12\endgroup }{1}{32}
                                                  %
If you say, e.g., `\def\a1{...}', then you must always
put `1' after `\a', since control sequence names are
made up of letters only. The macro here has not been
followed by the required stuff, so I'm ignoring it.

! Use of \let doesn't match its definition.
<argument> ...f n{n}\let \enc@update \relax \let O
                                                  T1OT12\endgroup 
l.56 ...date \relax \let OT1OT12\endgroup }{1}{32}
                                                  %
If you say, e.g., `\def\a1{...}', then you must always
put `1' after `\a', since control sequence names are
made up of letters only. The macro here has not been
followed by the required stuff, so I'm ignoring it.

! Extra \endcsname.
\Cross:Word ...ame cw:\cw:format {#1#2}\endcsname 
                                                  , \fi \ifx \:temp \empty #...
l.56 ...date \relax \let OT1OT12\endgroup }{1}{32}
                                                  %
I'm ignoring this, since I wasn't doing a \csname.

! Too many }'s.
\Cross:Word ...\empty #4\else \the \tmp:toks \fi }
                                                  
l.56 ...date \relax \let OT1OT12\endgroup }{1}{32}
                                                  %
You've closed more groups than you opened.
Such booboos are generally harmless, so keep going.

! Missing \endcsname inserted.
<to be read again> 
                   \begingroup 
l.57 ...date \relax \let OT1OT14\endgroup }{1}{32}
                                                  %
The control sequence marked <to be read again> should
not appear between \csname and \endcsname.

! Undefined control sequence.
<argument> ...{TS1}\xdef \TS 1/cmr/m/n/10.54 {\OT 
                                                  1/cmr/m/n/10.54 }\TS 1/cmr...
l.57 ...date \relax \let OT1OT14\endgroup }{1}{32}
                                                  %
The control sequence at the end of the top line
of your error message was never \def'ed. If you have
misspelled it (e.g., `\hobx'), type `I' and the correct
spelling (e.g., `I\hbox'). Otherwise just continue,
and I'll forget about whatever was undefined.

! Use of \let doesn't match its definition.
<argument> ...0.54 }\TS 1/cmr/m/n/10.54 \let \let 
                                                  \def cmr{cmr}\def m{m}\def...
l.57 ...date \relax \let OT1OT14\endgroup }{1}{32}
                                                  %
If you say, e.g., `\def\a1{...}', then you must always
put `1' after `\a', since control sequence names are
made up of letters only. The macro here has not been
followed by the required stuff, so I'm ignoring it.

! Missing control sequence inserted.
<inserted text> 
                \inaccessible 
l.57 ...date \relax \let OT1OT14\endgroup }{1}{32}
                                                  %
Please don't say `\def cs{...}', say `\def\cs{...}'.
I've inserted an inaccessible control sequence so that your
definition will be completed without mixing me up too badly.
You can recover graciously from this error, if you're
careful; see exercise 27.2 in The TeXbook.

! Missing control sequence inserted.
<inserted text> 
                \inaccessible 
l.57 ...date \relax \let OT1OT14\endgroup }{1}{32}
                                                  %
Please don't say `\def cs{...}', say `\def\cs{...}'.
I've inserted an inaccessible control sequence so that your
definition will be completed without mixing me up too badly.
You can recover graciously from this error, if you're
careful; see exercise 27.2 in The TeXbook.

! Missing control sequence inserted.
<inserted text> 
                \inaccessible 
l.57 ...date \relax \let OT1OT14\endgroup }{1}{32}
                                                  %
Please don't say `\def cs{...}', say `\def\cs{...}'.
I've inserted an inaccessible control sequence so that your
definition will be completed without mixing me up too badly.
You can recover graciously from this error, if you're
careful; see exercise 27.2 in The TeXbook.

! Use of \let doesn't match its definition.
<argument> ...}\def m{m}\def n{n}\let \enc@update 
                                                  \relax \let OT1OT12.5\endg...
l.57 ...date \relax \let OT1OT14\endgroup }{1}{32}
                                                  %
If you say, e.g., `\def\a1{...}', then you must always
put `1' after `\a', since control sequence names are
made up of letters only. The macro here has not been
followed by the required stuff, so I'm ignoring it.

! Use of \let doesn't match its definition.
<argument> ...f n{n}\let \enc@update \relax \let O
                                                  T1OT12.5\endgroup .\beging...
l.57 ...date \relax \let OT1OT14\endgroup }{1}{32}
                                                  %
If you say, e.g., `\def\a1{...}', then you must always
put `1' after `\a', since control sequence names are
made up of letters only. The macro here has not been
followed by the required stuff, so I'm ignoring it.

! Extra \endgroup.
<argument> ...date \relax \let OT1OT12.5\endgroup 
                                                  .\begingroup \relax \edef ...
l.57 ...date \relax \let OT1OT14\endgroup }{1}{32}
                                                  %
Things are pretty mixed up, but I think the worst is over.

! Missing control sequence inserted.
<inserted text> 
                \inaccessible 
l.57 ...date \relax \let OT1OT14\endgroup }{1}{32}
                                                  %
Please don't say `\def cs{...}', say `\def\cs{...}'.
I've inserted an inaccessible control sequence so that your
definition will be completed without mixing me up too badly.
You can recover graciously from this error, if you're
careful; see exercise 27.2 in The TeXbook.

! Undefined control sequence.
<argument> ...{TS1}\xdef \TS 1/cmr/m/n/10.54 {\OT 
                                                  1/cmr/m/n/10.54 }\TS 1/cmr...
l.57 ...date \relax \let OT1OT14\endgroup }{1}{32}
                                                  %
The control sequence at the end of the top line
of your error message was never \def'ed. If you have
misspelled it (e.g., `\hobx'), type `I' and the correct
spelling (e.g., `I\hbox'). Otherwise just continue,
and I'll forget about whatever was undefined.

! Use of \let doesn't match its definition.
<argument> ...0.54 }\TS 1/cmr/m/n/10.54 \let \let 
                                                  \def cmr{cmr}\def m{m}\def...
l.57 ...date \relax \let OT1OT14\endgroup }{1}{32}
                                                  %
If you say, e.g., `\def\a1{...}', then you must always
put `1' after `\a', since control sequence names are
made up of letters only. The macro here has not been
followed by the required stuff, so I'm ignoring it.

! Missing control sequence inserted.
<inserted text> 
                \inaccessible 
l.57 ...date \relax \let OT1OT14\endgroup }{1}{32}
                                                  %
Please don't say `\def cs{...}', say `\def\cs{...}'.
I've inserted an inaccessible control sequence so that your
definition will be completed without mixing me up too badly.
You can recover graciously from this error, if you're
careful; see exercise 27.2 in The TeXbook.

! Missing control sequence inserted.
<inserted text> 
                \inaccessible 
l.57 ...date \relax \let OT1OT14\endgroup }{1}{32}
                                                  %
Please don't say `\def cs{...}', say `\def\cs{...}'.
I've inserted an inaccessible control sequence so that your
definition will be completed without mixing me up too badly.
You can recover graciously from this error, if you're
careful; see exercise 27.2 in The TeXbook.

! Missing control sequence inserted.
<inserted text> 
                \inaccessible 
l.57 ...date \relax \let OT1OT14\endgroup }{1}{32}
                                                  %
Please don't say `\def cs{...}', say `\def\cs{...}'.
I've inserted an inaccessible control sequence so that your
definition will be completed without mixing me up too badly.
You can recover graciously from this error, if you're
careful; see exercise 27.2 in The TeXbook.

! Use of \let doesn't match its definition.
<argument> ...}\def m{m}\def n{n}\let \enc@update 
                                                  \relax \let OT1OT14\endgroup 
l.57 ...date \relax \let OT1OT14\endgroup }{1}{32}
                                                  %
If you say, e.g., `\def\a1{...}', then you must always
put `1' after `\a', since control sequence names are
made up of letters only. The macro here has not been
followed by the required stuff, so I'm ignoring it.

! Use of \let doesn't match its definition.
<argument> ...f n{n}\let \enc@update \relax \let O
                                                  T1OT14\endgroup 
l.57 ...date \relax \let OT1OT14\endgroup }{1}{32}
                                                  %
If you say, e.g., `\def\a1{...}', then you must always
put `1' after `\a', since control sequence names are
made up of letters only. The macro here has not been
followed by the required stuff, so I'm ignoring it.

! Extra \endcsname.
\Cross:Word ...ame cw:\cw:format {#1#2}\endcsname 
                                                  {\expandafter \ifx \csname...
l.57 ...date \relax \let OT1OT14\endgroup }{1}{32}
                                                  %
I'm ignoring this, since I wasn't doing a \csname.

! Missing \endcsname inserted.
<to be read again> 
                   \begingroup 
l.57 ...date \relax \let OT1OT14\endgroup }{1}{32}
                                                  %
The control sequence marked <to be read again> should
not appear between \csname and \endcsname.

! Missing \endcsname inserted.
<to be read again> 
                   \begingroup 
l.57 ...date \relax \let OT1OT14\endgroup }{1}{32}
                                                  %
The control sequence marked <to be read again> should
not appear between \csname and \endcsname.

! Undefined control sequence.
<argument> ...{TS1}\xdef \TS 1/cmr/m/n/10.54 {\OT 
                                                  1/cmr/m/n/10.54 }\TS 1/cmr...
l.57 ...date \relax \let OT1OT14\endgroup }{1}{32}
                                                  %
The control sequence at the end of the top line
of your error message was never \def'ed. If you have
misspelled it (e.g., `\hobx'), type `I' and the correct
spelling (e.g., `I\hbox'). Otherwise just continue,
and I'll forget about whatever was undefined.

! Use of \let doesn't match its definition.
<argument> ...0.54 }\TS 1/cmr/m/n/10.54 \let \let 
                                                  \def cmr{cmr}\def m{m}\def...
l.57 ...date \relax \let OT1OT14\endgroup }{1}{32}
                                                  %
If you say, e.g., `\def\a1{...}', then you must always
put `1' after `\a', since control sequence names are
made up of letters only. The macro here has not been
followed by the required stuff, so I'm ignoring it.

! Missing control sequence inserted.
<inserted text> 
                \inaccessible 
l.57 ...date \relax \let OT1OT14\endgroup }{1}{32}
                                                  %
Please don't say `\def cs{...}', say `\def\cs{...}'.
I've inserted an inaccessible control sequence so that your
definition will be completed without mixing me up too badly.
You can recover graciously from this error, if you're
careful; see exercise 27.2 in The TeXbook.

! Missing control sequence inserted.
<inserted text> 
                \inaccessible 
l.57 ...date \relax \let OT1OT14\endgroup }{1}{32}
                                                  %
Please don't say `\def cs{...}', say `\def\cs{...}'.
I've inserted an inaccessible control sequence so that your
definition will be completed without mixing me up too badly.
You can recover graciously from this error, if you're
careful; see exercise 27.2 in The TeXbook.

! Missing control sequence inserted.
<inserted text> 
                \inaccessible 
l.57 ...date \relax \let OT1OT14\endgroup }{1}{32}
                                                  %
Please don't say `\def cs{...}', say `\def\cs{...}'.
I've inserted an inaccessible control sequence so that your
definition will be completed without mixing me up too badly.
You can recover graciously from this error, if you're
careful; see exercise 27.2 in The TeXbook.

! Use of \let doesn't match its definition.
<argument> ...}\def m{m}\def n{n}\let \enc@update 
                                                  \relax \let OT1OT12.5\endg...
l.57 ...date \relax \let OT1OT14\endgroup }{1}{32}
                                                  %
If you say, e.g., `\def\a1{...}', then you must always
put `1' after `\a', since control sequence names are
made up of letters only. The macro here has not been
followed by the required stuff, so I'm ignoring it.

! Use of \let doesn't match its definition.
<argument> ...f n{n}\let \enc@update \relax \let O
                                                  T1OT12.5\endgroup .\beging...
l.57 ...date \relax \let OT1OT14\endgroup }{1}{32}
                                                  %
If you say, e.g., `\def\a1{...}', then you must always
put `1' after `\a', since control sequence names are
made up of letters only. The macro here has not been
followed by the required stuff, so I'm ignoring it.

! Missing } inserted.
<inserted text> 
                }
l.57 ...date \relax \let OT1OT14\endgroup }{1}{32}
                                                  %
I've inserted something that you may have forgotten.
(See the <inserted text> above.)
With luck, this will get me unwedged. But if you
really didn't forget anything, try typing `2' now; then
my insertion and my current dilemma will both disappear.

! Extra \endgroup.
<recently read> \endgroup 
                          
l.57 ...date \relax \let OT1OT14\endgroup }{1}{32}
                                                  %
Things are pretty mixed up, but I think the worst is over.

! Missing control sequence inserted.
<inserted text> 
                \inaccessible 
l.57 ...date \relax \let OT1OT14\endgroup }{1}{32}
                                                  %
Please don't say `\def cs{...}', say `\def\cs{...}'.
I've inserted an inaccessible control sequence so that your
definition will be completed without mixing me up too badly.
You can recover graciously from this error, if you're
careful; see exercise 27.2 in The TeXbook.

! Undefined control sequence.
<argument> ...{TS1}\xdef \TS 1/cmr/m/n/10.54 {\OT 
                                                  1/cmr/m/n/10.54 }\TS 1/cmr...
l.57 ...date \relax \let OT1OT14\endgroup }{1}{32}
                                                  %
The control sequence at the end of the top line
of your error message was never \def'ed. If you have
misspelled it (e.g., `\hobx'), type `I' and the correct
spelling (e.g., `I\hbox'). Otherwise just continue,
and I'll forget about whatever was undefined.

! Use of \let doesn't match its definition.
<argument> ...0.54 }\TS 1/cmr/m/n/10.54 \let \let 
                                                  \def cmr{cmr}\def m{m}\def...
l.57 ...date \relax \let OT1OT14\endgroup }{1}{32}
                                                  %
If you say, e.g., `\def\a1{...}', then you must always
put `1' after `\a', since control sequence names are
made up of letters only. The macro here has not been
followed by the required stuff, so I'm ignoring it.

! Missing control sequence inserted.
<inserted text> 
                \inaccessible 
l.57 ...date \relax \let OT1OT14\endgroup }{1}{32}
                                                  %
Please don't say `\def cs{...}', say `\def\cs{...}'.
I've inserted an inaccessible control sequence so that your
definition will be completed without mixing me up too badly.
You can recover graciously from this error, if you're
careful; see exercise 27.2 in The TeXbook.

! Missing control sequence inserted.
<inserted text> 
                \inaccessible 
l.57 ...date \relax \let OT1OT14\endgroup }{1}{32}
                                                  %
Please don't say `\def cs{...}', say `\def\cs{...}'.
I've inserted an inaccessible control sequence so that your
definition will be completed without mixing me up too badly.
You can recover graciously from this error, if you're
careful; see exercise 27.2 in The TeXbook.

! Missing control sequence inserted.
<inserted text> 
                \inaccessible 
l.57 ...date \relax \let OT1OT14\endgroup }{1}{32}
                                                  %
Please don't say `\def cs{...}', say `\def\cs{...}'.
I've inserted an inaccessible control sequence so that your
definition will be completed without mixing me up too badly.
You can recover graciously from this error, if you're
careful; see exercise 27.2 in The TeXbook.

! Use of \let doesn't match its definition.
<argument> ...}\def m{m}\def n{n}\let \enc@update 
                                                  \relax \let OT1OT14\endgroup 
l.57 ...date \relax \let OT1OT14\endgroup }{1}{32}
                                                  %
If you say, e.g., `\def\a1{...}', then you must always
put `1' after `\a', since control sequence names are
made up of letters only. The macro here has not been
followed by the required stuff, so I'm ignoring it.

! Use of \let doesn't match its definition.
<argument> ...f n{n}\let \enc@update \relax \let O
                                                  T1OT14\endgroup 
l.57 ...date \relax \let OT1OT14\endgroup }{1}{32}
                                                  %
If you say, e.g., `\def\a1{...}', then you must always
put `1' after `\a', since control sequence names are
made up of letters only. The macro here has not been
followed by the required stuff, so I'm ignoring it.

! Extra \endcsname.
\Cross:Word ...ame cw:\cw:format {#1#2}\endcsname 
                                                  , \fi \ifx \:temp \empty #...
l.57 ...date \relax \let OT1OT14\endgroup }{1}{32}
                                                  %
I'm ignoring this, since I wasn't doing a \csname.

! Too many }'s.
\Cross:Word ...\empty #4\else \the \tmp:toks \fi }
                                                  
l.57 ...date \relax \let OT1OT14\endgroup }{1}{32}
                                                  %
You've closed more groups than you opened.
Such booboos are generally harmless, so keep going.

! Missing \endcsname inserted.
<to be read again> 
                   \begingroup 
l.59 ...date \relax \let OT1OT16\endgroup }{1}{33}
                                                  %
The control sequence marked <to be read again> should
not appear between \csname and \endcsname.

! Undefined control sequence.
<argument> ...{TS1}\xdef \TS 1/cmr/m/n/10.54 {\OT 
                                                  1/cmr/m/n/10.54 }\TS 1/cmr...
l.59 ...date \relax \let OT1OT16\endgroup }{1}{33}
                                                  %
The control sequence at the end of the top line
of your error message was never \def'ed. If you have
misspelled it (e.g., `\hobx'), type `I' and the correct
spelling (e.g., `I\hbox'). Otherwise just continue,
and I'll forget about whatever was undefined.

! Use of \let doesn't match its definition.
<argument> ...0.54 }\TS 1/cmr/m/n/10.54 \let \let 
                                                  \def cmr{cmr}\def m{m}\def...
l.59 ...date \relax \let OT1OT16\endgroup }{1}{33}
                                                  %
If you say, e.g., `\def\a1{...}', then you must always
put `1' after `\a', since control sequence names are
made up of letters only. The macro here has not been
followed by the required stuff, so I'm ignoring it.

! Missing control sequence inserted.
<inserted text> 
                \inaccessible 
l.59 ...date \relax \let OT1OT16\endgroup }{1}{33}
                                                  %
Please don't say `\def cs{...}', say `\def\cs{...}'.
I've inserted an inaccessible control sequence so that your
definition will be completed without mixing me up too badly.
You can recover graciously from this error, if you're
careful; see exercise 27.2 in The TeXbook.

! Missing control sequence inserted.
<inserted text> 
                \inaccessible 
l.59 ...date \relax \let OT1OT16\endgroup }{1}{33}
                                                  %
Please don't say `\def cs{...}', say `\def\cs{...}'.
I've inserted an inaccessible control sequence so that your
definition will be completed without mixing me up too badly.
You can recover graciously from this error, if you're
careful; see exercise 27.2 in The TeXbook.

! Missing control sequence inserted.
<inserted text> 
                \inaccessible 
l.59 ...date \relax \let OT1OT16\endgroup }{1}{33}
                                                  %
Please don't say `\def cs{...}', say `\def\cs{...}'.
I've inserted an inaccessible control sequence so that your
definition will be completed without mixing me up too badly.
You can recover graciously from this error, if you're
careful; see exercise 27.2 in The TeXbook.

! Use of \let doesn't match its definition.
<argument> ...}\def m{m}\def n{n}\let \enc@update 
                                                  \relax \let OT1OT12.5\endg...
l.59 ...date \relax \let OT1OT16\endgroup }{1}{33}
                                                  %
If you say, e.g., `\def\a1{...}', then you must always
put `1' after `\a', since control sequence names are
made up of letters only. The macro here has not been
followed by the required stuff, so I'm ignoring it.

! Use of \let doesn't match its definition.
<argument> ...f n{n}\let \enc@update \relax \let O
                                                  T1OT12.5\endgroup .\beging...
l.59 ...date \relax \let OT1OT16\endgroup }{1}{33}
                                                  %
If you say, e.g., `\def\a1{...}', then you must always
put `1' after `\a', since control sequence names are
made up of letters only. The macro here has not been
followed by the required stuff, so I'm ignoring it.

! Extra \endgroup.
<argument> ...date \relax \let OT1OT12.5\endgroup 
                                                  .\begingroup \relax \edef ...
l.59 ...date \relax \let OT1OT16\endgroup }{1}{33}
                                                  %
Things are pretty mixed up, but I think the worst is over.

! Missing control sequence inserted.
<inserted text> 
                \inaccessible 
l.59 ...date \relax \let OT1OT16\endgroup }{1}{33}
                                                  %
Please don't say `\def cs{...}', say `\def\cs{...}'.
I've inserted an inaccessible control sequence so that your
definition will be completed without mixing me up too badly.
You can recover graciously from this error, if you're
careful; see exercise 27.2 in The TeXbook.

! Undefined control sequence.
<argument> ...{TS1}\xdef \TS 1/cmr/m/n/10.54 {\OT 
                                                  1/cmr/m/n/10.54 }\TS 1/cmr...
l.59 ...date \relax \let OT1OT16\endgroup }{1}{33}
                                                  %
The control sequence at the end of the top line
of your error message was never \def'ed. If you have
misspelled it (e.g., `\hobx'), type `I' and the correct
spelling (e.g., `I\hbox'). Otherwise just continue,
and I'll forget about whatever was undefined.

! Use of \let doesn't match its definition.
<argument> ...0.54 }\TS 1/cmr/m/n/10.54 \let \let 
                                                  \def cmr{cmr}\def m{m}\def...
l.59 ...date \relax \let OT1OT16\endgroup }{1}{33}
                                                  %
If you say, e.g., `\def\a1{...}', then you must always
put `1' after `\a', since control sequence names are
made up of letters only. The macro here has not been
followed by the required stuff, so I'm ignoring it.

! Missing control sequence inserted.
<inserted text> 
                \inaccessible 
l.59 ...date \relax \let OT1OT16\endgroup }{1}{33}
                                                  %
Please don't say `\def cs{...}', say `\def\cs{...}'.
I've inserted an inaccessible control sequence so that your
definition will be completed without mixing me up too badly.
You can recover graciously from this error, if you're
careful; see exercise 27.2 in The TeXbook.

! Missing control sequence inserted.
<inserted text> 
                \inaccessible 
l.59 ...date \relax \let OT1OT16\endgroup }{1}{33}
                                                  %
Please don't say `\def cs{...}', say `\def\cs{...}'.
I've inserted an inaccessible control sequence so that your
definition will be completed without mixing me up too badly.
You can recover graciously from this error, if you're
careful; see exercise 27.2 in The TeXbook.

! Missing control sequence inserted.
<inserted text> 
                \inaccessible 
l.59 ...date \relax \let OT1OT16\endgroup }{1}{33}
                                                  %
Please don't say `\def cs{...}', say `\def\cs{...}'.
I've inserted an inaccessible control sequence so that your
definition will be completed without mixing me up too badly.
You can recover graciously from this error, if you're
careful; see exercise 27.2 in The TeXbook.

! Use of \let doesn't match its definition.
<argument> ...}\def m{m}\def n{n}\let \enc@update 
                                                  \relax \let OT1OT16\endgroup 
l.59 ...date \relax \let OT1OT16\endgroup }{1}{33}
                                                  %
If you say, e.g., `\def\a1{...}', then you must always
put `1' after `\a', since control sequence names are
made up of letters only. The macro here has not been
followed by the required stuff, so I'm ignoring it.

! Use of \let doesn't match its definition.
<argument> ...f n{n}\let \enc@update \relax \let O
                                                  T1OT16\endgroup 
l.59 ...date \relax \let OT1OT16\endgroup }{1}{33}
                                                  %
If you say, e.g., `\def\a1{...}', then you must always
put `1' after `\a', since control sequence names are
made up of letters only. The macro here has not been
followed by the required stuff, so I'm ignoring it.

! Extra \endcsname.
\Cross:Word ...ame cw:\cw:format {#1#2}\endcsname 
                                                  {\expandafter \ifx \csname...
l.59 ...date \relax \let OT1OT16\endgroup }{1}{33}
                                                  %
I'm ignoring this, since I wasn't doing a \csname.

! Missing \endcsname inserted.
<to be read again> 
                   \begingroup 
l.59 ...date \relax \let OT1OT16\endgroup }{1}{33}
                                                  %
The control sequence marked <to be read again> should
not appear between \csname and \endcsname.

! Missing \endcsname inserted.
<to be read again> 
                   \begingroup 
l.59 ...date \relax \let OT1OT16\endgroup }{1}{33}
                                                  %
The control sequence marked <to be read again> should
not appear between \csname and \endcsname.

! Undefined control sequence.
<argument> ...{TS1}\xdef \TS 1/cmr/m/n/10.54 {\OT 
                                                  1/cmr/m/n/10.54 }\TS 1/cmr...
l.59 ...date \relax \let OT1OT16\endgroup }{1}{33}
                                                  %
The control sequence at the end of the top line
of your error message was never \def'ed. If you have
misspelled it (e.g., `\hobx'), type `I' and the correct
spelling (e.g., `I\hbox'). Otherwise just continue,
and I'll forget about whatever was undefined.

! Use of \let doesn't match its definition.
<argument> ...0.54 }\TS 1/cmr/m/n/10.54 \let \let 
                                                  \def cmr{cmr}\def m{m}\def...
l.59 ...date \relax \let OT1OT16\endgroup }{1}{33}
                                                  %
If you say, e.g., `\def\a1{...}', then you must always
put `1' after `\a', since control sequence names are
made up of letters only. The macro here has not been
followed by the required stuff, so I'm ignoring it.

! Missing control sequence inserted.
<inserted text> 
                \inaccessible 
l.59 ...date \relax \let OT1OT16\endgroup }{1}{33}
                                                  %
Please don't say `\def cs{...}', say `\def\cs{...}'.
I've inserted an inaccessible control sequence so that your
definition will be completed without mixing me up too badly.
You can recover graciously from this error, if you're
careful; see exercise 27.2 in The TeXbook.

! Missing control sequence inserted.
<inserted text> 
                \inaccessible 
l.59 ...date \relax \let OT1OT16\endgroup }{1}{33}
                                                  %
Please don't say `\def cs{...}', say `\def\cs{...}'.
I've inserted an inaccessible control sequence so that your
definition will be completed without mixing me up too badly.
You can recover graciously from this error, if you're
careful; see exercise 27.2 in The TeXbook.

! Missing control sequence inserted.
<inserted text> 
                \inaccessible 
l.59 ...date \relax \let OT1OT16\endgroup }{1}{33}
                                                  %
Please don't say `\def cs{...}', say `\def\cs{...}'.
I've inserted an inaccessible control sequence so that your
definition will be completed without mixing me up too badly.
You can recover graciously from this error, if you're
careful; see exercise 27.2 in The TeXbook.

! Use of \let doesn't match its definition.
<argument> ...}\def m{m}\def n{n}\let \enc@update 
                                                  \relax \let OT1OT12.5\endg...
l.59 ...date \relax \let OT1OT16\endgroup }{1}{33}
                                                  %
If you say, e.g., `\def\a1{...}', then you must always
put `1' after `\a', since control sequence names are
made up of letters only. The macro here has not been
followed by the required stuff, so I'm ignoring it.

! Use of \let doesn't match its definition.
<argument> ...f n{n}\let \enc@update \relax \let O
                                                  T1OT12.5\endgroup .\beging...
l.59 ...date \relax \let OT1OT16\endgroup }{1}{33}
                                                  %
If you say, e.g., `\def\a1{...}', then you must always
put `1' after `\a', since control sequence names are
made up of letters only. The macro here has not been
followed by the required stuff, so I'm ignoring it.

! Missing } inserted.
<inserted text> 
                }
l.59 ...date \relax \let OT1OT16\endgroup }{1}{33}
                                                  %
(That makes 100 errors; please try again.) 
Here is how much of TeX's memory you used:
 12874 strings out of 495355
 193132 string characters out of 3183882
 261276 words of memory out of 3000000
 15802 multiletter control sequences out of 15000+200000
 3940 words of font info for 15 fonts, out of 3000000 for 9000
 14 hyphenation exceptions out of 8191
 37i,0n,46p,1320b,266s stack positions out of 5000i,500n,10000p,200000b,50000s

No pages of output.
